
*** Running vivado
    with args -log PipelineCPUTest.vdi -applog -m64 -product Vivado -messageDb vivado.pb -mode batch -source PipelineCPUTest.tcl -notrace


****** Vivado v2017.4 (64-bit)
  **** SW Build 2086221 on Fri Dec 15 20:55:39 MST 2017
  **** IP Build 2085800 on Fri Dec 15 22:25:07 MST 2017
    ** Copyright 1986-2017 Xilinx, Inc. All Rights Reserved.

source PipelineCPUTest.tcl -notrace
Command: link_design -top PipelineCPUTest -part xc7a200tfbg484-1
Design is defaulting to srcset: sources_1
Design is defaulting to constrset: constrs_1
INFO: [Project 1-454] Reading design checkpoint 'c:/Users/89529/Desktop/vivado201704/Risc5CPU.srcs/sources_1/ip/DCM_PLL/DCM_PLL.dcp' for cell 'DCM_INST'
INFO: [Project 1-454] Reading design checkpoint 'c:/Users/89529/Desktop/vivado201704/Risc5CPU.srcs/sources_1/ip/DataRAM/DataRAM.dcp' for cell 'CPUInst/top_module7'
INFO: [Project 1-454] Reading design checkpoint 'c:/Users/89529/Desktop/vivado201704/Risc5CPU.srcs/sources_1/ip/DisplayROM/DisplayROM.dcp' for cell 'VgaData/char_tab'
INFO: [Netlist 29-17] Analyzing 119 Unisim elements for replacement
INFO: [Netlist 29-28] Unisim Transformation completed in 0 CPU seconds
INFO: [Project 1-479] Netlist was created with Vivado 2017.4
INFO: [Device 21-403] Loading part xc7a200tfbg484-1
INFO: [Project 1-570] Preparing netlist for logic optimization
Parsing XDC File [c:/Users/89529/Desktop/vivado201704/Risc5CPU.srcs/sources_1/ip/DCM_PLL/DCM_PLL_board.xdc] for cell 'DCM_INST/inst'
Finished Parsing XDC File [c:/Users/89529/Desktop/vivado201704/Risc5CPU.srcs/sources_1/ip/DCM_PLL/DCM_PLL_board.xdc] for cell 'DCM_INST/inst'
Parsing XDC File [c:/Users/89529/Desktop/vivado201704/Risc5CPU.srcs/sources_1/ip/DCM_PLL/DCM_PLL.xdc] for cell 'DCM_INST/inst'
INFO: [Timing 38-35] Done setting XDC timing constraints. [c:/Users/89529/Desktop/vivado201704/Risc5CPU.srcs/sources_1/ip/DCM_PLL/DCM_PLL.xdc:57]
INFO: [Timing 38-2] Deriving generated clocks [c:/Users/89529/Desktop/vivado201704/Risc5CPU.srcs/sources_1/ip/DCM_PLL/DCM_PLL.xdc:57]
get_clocks: Time (s): cpu = 00:00:16 ; elapsed = 00:00:16 . Memory (MB): peak = 1239.777 ; gain = 603.992
Finished Parsing XDC File [c:/Users/89529/Desktop/vivado201704/Risc5CPU.srcs/sources_1/ip/DCM_PLL/DCM_PLL.xdc] for cell 'DCM_INST/inst'
Parsing XDC File [C:/Users/89529/Desktop/vivado201704/Risc5CPU.srcs/constrs_1/imports/PipelineCPU.srcs/VgaCPU.xdc]
Finished Parsing XDC File [C:/Users/89529/Desktop/vivado201704/Risc5CPU.srcs/constrs_1/imports/PipelineCPU.srcs/VgaCPU.xdc]
INFO: [Opt 31-138] Pushed 0 inverter(s) to 0 load pin(s).
INFO: [Project 1-111] Unisim Transformation Summary:
  A total of 48 instances were transformed.
  OBUFDS => OBUFDS: 4 instances
  RAM32M => RAM32M (RAMD32, RAMD32, RAMD32, RAMD32, RAMD32, RAMD32, RAMS32, RAMS32): 12 instances
  RAM64X1S => RAM64X1S (RAMS64E): 32 instances

12 Infos, 0 Warnings, 0 Critical Warnings and 0 Errors encountered.
link_design completed successfully
link_design: Time (s): cpu = 00:00:26 ; elapsed = 00:00:29 . Memory (MB): peak = 1239.840 ; gain = 994.344
Command: opt_design
Attempting to get a license for feature 'Implementation' and/or device 'xc7a200t'
INFO: [Common 17-349] Got license for feature 'Implementation' and/or device 'xc7a200t'
Running DRC as a precondition to command opt_design

Starting DRC Task
INFO: [DRC 23-27] Running DRC with 2 threads
INFO: [Project 1-461] DRC finished with 0 Errors
INFO: [Project 1-462] Please refer to the DRC report (report_drc) for more information.

Time (s): cpu = 00:00:03 ; elapsed = 00:00:02 . Memory (MB): peak = 1239.840 ; gain = 0.000
INFO: [Timing 38-35] Done setting XDC timing constraints.

Starting Logic Optimization Task

Phase 1 Retarget
INFO: [Opt 31-138] Pushed 0 inverter(s) to 0 load pin(s).
INFO: [Opt 31-49] Retargeted 0 cell(s).
Phase 1 Retarget | Checksum: 14d43a4ef

Time (s): cpu = 00:00:01 ; elapsed = 00:00:00.608 . Memory (MB): peak = 1256.629 ; gain = 0.000
INFO: [Opt 31-389] Phase Retarget created 84 cells and removed 131 cells

Phase 2 Constant propagation
INFO: [Opt 31-138] Pushed 13 inverter(s) to 242 load pin(s).
Phase 2 Constant propagation | Checksum: 162f7a836

Time (s): cpu = 00:00:02 ; elapsed = 00:00:01 . Memory (MB): peak = 1256.629 ; gain = 0.000
INFO: [Opt 31-389] Phase Constant propagation created 73 cells and removed 179 cells

Phase 3 Sweep
Phase 3 Sweep | Checksum: e309a3df

Time (s): cpu = 00:00:02 ; elapsed = 00:00:01 . Memory (MB): peak = 1256.629 ; gain = 0.000
INFO: [Opt 31-389] Phase Sweep created 0 cells and removed 32 cells

Phase 4 BUFG optimization
INFO: [Opt 31-274] Optimized connectivity to 2 cascaded buffer cells
Phase 4 BUFG optimization | Checksum: 11daafc79

Time (s): cpu = 00:00:02 ; elapsed = 00:00:02 . Memory (MB): peak = 1256.629 ; gain = 0.000
INFO: [Opt 31-389] Phase BUFG optimization created 0 cells and removed 3 cells

Phase 5 Shift Register Optimization
Phase 5 Shift Register Optimization | Checksum: 11daafc79

Time (s): cpu = 00:00:02 ; elapsed = 00:00:02 . Memory (MB): peak = 1256.629 ; gain = 0.000
INFO: [Opt 31-389] Phase Shift Register Optimization created 0 cells and removed 0 cells

Starting Connectivity Check Task

Time (s): cpu = 00:00:00 ; elapsed = 00:00:00.018 . Memory (MB): peak = 1256.629 ; gain = 0.000
Ending Logic Optimization Task | Checksum: 11fa1cead

Time (s): cpu = 00:00:02 ; elapsed = 00:00:02 . Memory (MB): peak = 1256.629 ; gain = 0.000

Starting Power Optimization Task
INFO: [Pwropt 34-132] Skipping clock gating for clocks with a period < 2.00 ns.
Ending Power Optimization Task | Checksum: aabc0ed9

Time (s): cpu = 00:00:00 ; elapsed = 00:00:00.029 . Memory (MB): peak = 1256.629 ; gain = 0.000
INFO: [Common 17-83] Releasing license: Implementation
28 Infos, 0 Warnings, 0 Critical Warnings and 0 Errors encountered.
opt_design completed successfully
Writing placer database...
Writing XDEF routing.
Writing XDEF routing logical nets.
Writing XDEF routing special nets.
Write XDEF Complete: Time (s): cpu = 00:00:01 ; elapsed = 00:00:00.081 . Memory (MB): peak = 1256.629 ; gain = 0.000
INFO: [Common 17-1381] The checkpoint 'C:/Users/89529/Desktop/vivado201704/Risc5CPU.runs/impl_1/PipelineCPUTest_opt.dcp' has been generated.
INFO: [runtcl-4] Executing : report_drc -file PipelineCPUTest_drc_opted.rpt -pb PipelineCPUTest_drc_opted.pb -rpx PipelineCPUTest_drc_opted.rpx
Command: report_drc -file PipelineCPUTest_drc_opted.rpt -pb PipelineCPUTest_drc_opted.pb -rpx PipelineCPUTest_drc_opted.rpx
INFO: [IP_Flow 19-1839] IP Catalog is up to date.
INFO: [DRC 23-27] Running DRC with 2 threads
INFO: [Coretcl 2-168] The results of DRC are in file C:/Users/89529/Desktop/vivado201704/Risc5CPU.runs/impl_1/PipelineCPUTest_drc_opted.rpt.
report_drc completed successfully
INFO: [Chipscope 16-241] No debug cores found in the current design.
Before running the implement_debug_core command, either use the Set Up Debug wizard (GUI mode)
or use the create_debug_core and connect_debug_core Tcl commands to insert debug cores into the design.
Command: place_design
Attempting to get a license for feature 'Implementation' and/or device 'xc7a200t'
INFO: [Common 17-349] Got license for feature 'Implementation' and/or device 'xc7a200t'
INFO: [DRC 23-27] Running DRC with 2 threads
INFO: [Vivado_Tcl 4-198] DRC finished with 0 Errors
INFO: [Vivado_Tcl 4-199] Please refer to the DRC report (report_drc) for more information.
Running DRC as a precondition to command place_design
INFO: [DRC 23-27] Running DRC with 2 threads
INFO: [Vivado_Tcl 4-198] DRC finished with 0 Errors
INFO: [Vivado_Tcl 4-199] Please refer to the DRC report (report_drc) for more information.

Starting Placer Task
INFO: [Place 30-611] Multithreading enabled for place_design using a maximum of 2 CPUs

Phase 1 Placer Initialization

Phase 1.1 Placer Initialization Netlist Sorting
Netlist sorting complete. Time (s): cpu = 00:00:00 ; elapsed = 00:00:00.016 . Memory (MB): peak = 1256.629 ; gain = 0.000
Phase 1.1 Placer Initialization Netlist Sorting | Checksum: 4d4bde61

Time (s): cpu = 00:00:00 ; elapsed = 00:00:00.036 . Memory (MB): peak = 1256.629 ; gain = 0.000
INFO: [Timing 38-35] Done setting XDC timing constraints.
INFO: [Opt 31-138] Pushed 0 inverter(s) to 0 load pin(s).
Netlist sorting complete. Time (s): cpu = 00:00:00 ; elapsed = 00:00:00.012 . Memory (MB): peak = 1256.629 ; gain = 0.000

Phase 1.2 IO Placement/ Clock Placement/ Build Placer Device
INFO: [Timing 38-35] Done setting XDC timing constraints.
Phase 1.2 IO Placement/ Clock Placement/ Build Placer Device | Checksum: 8e6e378e

Time (s): cpu = 00:00:06 ; elapsed = 00:00:04 . Memory (MB): peak = 1256.629 ; gain = 0.000

Phase 1.3 Build Placer Netlist Model
Phase 1.3 Build Placer Netlist Model | Checksum: 1322bd5a2

Time (s): cpu = 00:00:07 ; elapsed = 00:00:05 . Memory (MB): peak = 1256.629 ; gain = 0.000

Phase 1.4 Constrain Clocks/Macros
Phase 1.4 Constrain Clocks/Macros | Checksum: 1322bd5a2

Time (s): cpu = 00:00:07 ; elapsed = 00:00:05 . Memory (MB): peak = 1256.629 ; gain = 0.000
Phase 1 Placer Initialization | Checksum: 1322bd5a2

Time (s): cpu = 00:00:07 ; elapsed = 00:00:05 . Memory (MB): peak = 1256.629 ; gain = 0.000

Phase 2 Global Placement
Phase 2 Global Placement | Checksum: 98473cb2

Time (s): cpu = 00:00:14 ; elapsed = 00:00:09 . Memory (MB): peak = 1256.629 ; gain = 0.000

Phase 3 Detail Placement

Phase 3.1 Commit Multi Column Macros
Phase 3.1 Commit Multi Column Macros | Checksum: 98473cb2

Time (s): cpu = 00:00:14 ; elapsed = 00:00:09 . Memory (MB): peak = 1256.629 ; gain = 0.000

Phase 3.2 Commit Most Macros & LUTRAMs
Phase 3.2 Commit Most Macros & LUTRAMs | Checksum: 80506023

Time (s): cpu = 00:00:15 ; elapsed = 00:00:10 . Memory (MB): peak = 1256.629 ; gain = 0.000

Phase 3.3 Area Swap Optimization
Phase 3.3 Area Swap Optimization | Checksum: 13a83aeaa

Time (s): cpu = 00:00:15 ; elapsed = 00:00:10 . Memory (MB): peak = 1256.629 ; gain = 0.000

Phase 3.4 Pipeline Register Optimization
Phase 3.4 Pipeline Register Optimization | Checksum: 13a83aeaa

Time (s): cpu = 00:00:15 ; elapsed = 00:00:10 . Memory (MB): peak = 1256.629 ; gain = 0.000

Phase 3.5 Small Shape Detail Placement
Phase 3.5 Small Shape Detail Placement | Checksum: d9c57e8b

Time (s): cpu = 00:00:17 ; elapsed = 00:00:11 . Memory (MB): peak = 1256.629 ; gain = 0.000

Phase 3.6 Re-assign LUT pins
Phase 3.6 Re-assign LUT pins | Checksum: 12109f8cb

Time (s): cpu = 00:00:17 ; elapsed = 00:00:11 . Memory (MB): peak = 1256.629 ; gain = 0.000

Phase 3.7 Pipeline Register Optimization
Phase 3.7 Pipeline Register Optimization | Checksum: 12109f8cb

Time (s): cpu = 00:00:17 ; elapsed = 00:00:11 . Memory (MB): peak = 1256.629 ; gain = 0.000
Phase 3 Detail Placement | Checksum: 12109f8cb

Time (s): cpu = 00:00:17 ; elapsed = 00:00:11 . Memory (MB): peak = 1256.629 ; gain = 0.000

Phase 4 Post Placement Optimization and Clean-Up

Phase 4.1 Post Commit Optimization
INFO: [Timing 38-35] Done setting XDC timing constraints.

Phase 4.1.1 Post Placement Optimization
Post Placement Optimization Initialization | Checksum: 14d74880a

Phase 4.1.1.1 BUFG Insertion
INFO: [Physopt 32-721] Multithreading enabled for phys_opt_design using a maximum of 2 CPUs
INFO: [Place 46-31] BUFG insertion identified 0 candidate nets, 0 success, 0 skipped for placement/routing, 0 skipped for timing, 0 skipped for netlist change reason.
Phase 4.1.1.1 BUFG Insertion | Checksum: 14d74880a

Time (s): cpu = 00:00:18 ; elapsed = 00:00:12 . Memory (MB): peak = 1282.305 ; gain = 25.676
INFO: [Place 30-746] Post Placement Timing Summary WNS=1.241. For the most accurate timing information please run report_timing.
Phase 4.1.1 Post Placement Optimization | Checksum: 1a46fc8de

Time (s): cpu = 00:00:18 ; elapsed = 00:00:12 . Memory (MB): peak = 1282.305 ; gain = 25.676
Phase 4.1 Post Commit Optimization | Checksum: 1a46fc8de

Time (s): cpu = 00:00:18 ; elapsed = 00:00:12 . Memory (MB): peak = 1282.305 ; gain = 25.676

Phase 4.2 Post Placement Cleanup
Phase 4.2 Post Placement Cleanup | Checksum: 1a46fc8de

Time (s): cpu = 00:00:18 ; elapsed = 00:00:12 . Memory (MB): peak = 1282.305 ; gain = 25.676

Phase 4.3 Placer Reporting
Phase 4.3 Placer Reporting | Checksum: 1a46fc8de

Time (s): cpu = 00:00:18 ; elapsed = 00:00:12 . Memory (MB): peak = 1282.305 ; gain = 25.676

Phase 4.4 Final Placement Cleanup
Phase 4.4 Final Placement Cleanup | Checksum: 1ff00398d

Time (s): cpu = 00:00:18 ; elapsed = 00:00:12 . Memory (MB): peak = 1282.305 ; gain = 25.676
Phase 4 Post Placement Optimization and Clean-Up | Checksum: 1ff00398d

Time (s): cpu = 00:00:18 ; elapsed = 00:00:12 . Memory (MB): peak = 1282.305 ; gain = 25.676
Ending Placer Task | Checksum: 162841ce1

Time (s): cpu = 00:00:18 ; elapsed = 00:00:12 . Memory (MB): peak = 1282.305 ; gain = 25.676
INFO: [Common 17-83] Releasing license: Implementation
50 Infos, 0 Warnings, 0 Critical Warnings and 0 Errors encountered.
place_design completed successfully
place_design: Time (s): cpu = 00:00:21 ; elapsed = 00:00:14 . Memory (MB): peak = 1282.305 ; gain = 25.676
Writing placer database...
Writing XDEF routing.
Writing XDEF routing logical nets.
Writing XDEF routing special nets.
Write XDEF Complete: Time (s): cpu = 00:00:00 ; elapsed = 00:00:00.352 . Memory (MB): peak = 1282.305 ; gain = 0.000
INFO: [Common 17-1381] The checkpoint 'C:/Users/89529/Desktop/vivado201704/Risc5CPU.runs/impl_1/PipelineCPUTest_placed.dcp' has been generated.
INFO: [runtcl-4] Executing : report_io -file PipelineCPUTest_io_placed.rpt
report_io: Time (s): cpu = 00:00:00 ; elapsed = 00:00:00.075 . Memory (MB): peak = 1282.305 ; gain = 0.000
INFO: [runtcl-4] Executing : report_utilization -file PipelineCPUTest_utilization_placed.rpt -pb PipelineCPUTest_utilization_placed.pb
report_utilization: Time (s): cpu = 00:00:00 ; elapsed = 00:00:00.132 . Memory (MB): peak = 1282.305 ; gain = 0.000
INFO: [runtcl-4] Executing : report_control_sets -verbose -file PipelineCPUTest_control_sets_placed.rpt
report_control_sets: Time (s): cpu = 00:00:00 ; elapsed = 00:00:00.007 . Memory (MB): peak = 1282.305 ; gain = 0.000
Command: route_design
Attempting to get a license for feature 'Implementation' and/or device 'xc7a200t'
INFO: [Common 17-349] Got license for feature 'Implementation' and/or device 'xc7a200t'
Running DRC as a precondition to command route_design
INFO: [DRC 23-27] Running DRC with 2 threads
INFO: [Vivado_Tcl 4-198] DRC finished with 0 Errors
INFO: [Vivado_Tcl 4-199] Please refer to the DRC report (report_drc) for more information.


Starting Routing Task
INFO: [Route 35-254] Multithreading enabled for route_design using a maximum of 2 CPUs
Checksum: PlaceDB: 95ca4080 ConstDB: 0 ShapeSum: ccb9dc61 RouteDB: 0

Phase 1 Build RT Design
Phase 1 Build RT Design | Checksum: 10d610dcf

Time (s): cpu = 00:01:48 ; elapsed = 00:01:40 . Memory (MB): peak = 1510.148 ; gain = 227.844
Post Restoration Checksum: NetGraph: 1628eb27 NumContArr: f73822a8 Constraints: 0 Timing: 0

Phase 2 Router Initialization

Phase 2.1 Create Timer
Phase 2.1 Create Timer | Checksum: 10d610dcf

Time (s): cpu = 00:01:48 ; elapsed = 00:01:40 . Memory (MB): peak = 1510.148 ; gain = 227.844

Phase 2.2 Fix Topology Constraints
Phase 2.2 Fix Topology Constraints | Checksum: 10d610dcf

Time (s): cpu = 00:01:48 ; elapsed = 00:01:40 . Memory (MB): peak = 1510.148 ; gain = 227.844

Phase 2.3 Pre Route Cleanup
Phase 2.3 Pre Route Cleanup | Checksum: 10d610dcf

Time (s): cpu = 00:01:48 ; elapsed = 00:01:40 . Memory (MB): peak = 1510.148 ; gain = 227.844
 Number of Nodes with overlaps = 0

Phase 2.4 Update Timing
Phase 2.4 Update Timing | Checksum: a16122be

Time (s): cpu = 00:01:52 ; elapsed = 00:01:43 . Memory (MB): peak = 1522.652 ; gain = 240.348
INFO: [Route 35-416] Intermediate Timing Summary | WNS=1.146  | TNS=0.000  | WHS=-0.363 | THS=-37.384|

Phase 2 Router Initialization | Checksum: b352eb99

Time (s): cpu = 00:01:53 ; elapsed = 00:01:44 . Memory (MB): peak = 1522.652 ; gain = 240.348

Phase 3 Initial Routing
Phase 3 Initial Routing | Checksum: 1c844c4d9

Time (s): cpu = 00:01:56 ; elapsed = 00:01:46 . Memory (MB): peak = 1522.652 ; gain = 240.348

Phase 4 Rip-up And Reroute

Phase 4.1 Global Iteration 0
 Number of Nodes with overlaps = 368
 Number of Nodes with overlaps = 3
 Number of Nodes with overlaps = 0
INFO: [Route 35-416] Intermediate Timing Summary | WNS=1.049  | TNS=0.000  | WHS=N/A    | THS=N/A    |

Phase 4.1 Global Iteration 0 | Checksum: 183d9670a

Time (s): cpu = 00:02:00 ; elapsed = 00:01:48 . Memory (MB): peak = 1522.652 ; gain = 240.348
Phase 4 Rip-up And Reroute | Checksum: 183d9670a

Time (s): cpu = 00:02:00 ; elapsed = 00:01:48 . Memory (MB): peak = 1522.652 ; gain = 240.348

Phase 5 Delay and Skew Optimization

Phase 5.1 Delay CleanUp

Phase 5.1.1 Update Timing
Phase 5.1.1 Update Timing | Checksum: 16b6341d4

Time (s): cpu = 00:02:01 ; elapsed = 00:01:48 . Memory (MB): peak = 1522.652 ; gain = 240.348
INFO: [Route 35-416] Intermediate Timing Summary | WNS=1.142  | TNS=0.000  | WHS=N/A    | THS=N/A    |

Phase 5.1 Delay CleanUp | Checksum: 16b6341d4

Time (s): cpu = 00:02:01 ; elapsed = 00:01:48 . Memory (MB): peak = 1522.652 ; gain = 240.348

Phase 5.2 Clock Skew Optimization
Phase 5.2 Clock Skew Optimization | Checksum: 16b6341d4

Time (s): cpu = 00:02:01 ; elapsed = 00:01:48 . Memory (MB): peak = 1522.652 ; gain = 240.348
Phase 5 Delay and Skew Optimization | Checksum: 16b6341d4

Time (s): cpu = 00:02:01 ; elapsed = 00:01:48 . Memory (MB): peak = 1522.652 ; gain = 240.348

Phase 6 Post Hold Fix

Phase 6.1 Hold Fix Iter

Phase 6.1.1 Update Timing
Phase 6.1.1 Update Timing | Checksum: 119dd7e56

Time (s): cpu = 00:02:01 ; elapsed = 00:01:48 . Memory (MB): peak = 1522.652 ; gain = 240.348
INFO: [Route 35-416] Intermediate Timing Summary | WNS=1.142  | TNS=0.000  | WHS=0.034  | THS=0.000  |

Phase 6.1 Hold Fix Iter | Checksum: ff26ac2b

Time (s): cpu = 00:02:01 ; elapsed = 00:01:48 . Memory (MB): peak = 1522.652 ; gain = 240.348
Phase 6 Post Hold Fix | Checksum: ff26ac2b

Time (s): cpu = 00:02:01 ; elapsed = 00:01:48 . Memory (MB): peak = 1522.652 ; gain = 240.348

Phase 7 Route finalize

Router Utilization Summary
  Global Vertical Routing Utilization    = 0.176597 %
  Global Horizontal Routing Utilization  = 0.219762 %
  Routable Net Status*
  *Does not include unroutable nets such as driverless and loadless.
  Run report_route_status for detailed report.
  Number of Failed Nets               = 0
  Number of Unrouted Nets             = 0
  Number of Partially Routed Nets     = 0
  Number of Node Overlaps             = 0

Phase 7 Route finalize | Checksum: 136670e2c

Time (s): cpu = 00:02:02 ; elapsed = 00:01:49 . Memory (MB): peak = 1522.652 ; gain = 240.348

Phase 8 Verifying routed nets

 Verification completed successfully
Phase 8 Verifying routed nets | Checksum: 136670e2c

Time (s): cpu = 00:02:02 ; elapsed = 00:01:49 . Memory (MB): peak = 1522.652 ; gain = 240.348

Phase 9 Depositing Routes
Phase 9 Depositing Routes | Checksum: 139854b72

Time (s): cpu = 00:02:02 ; elapsed = 00:01:49 . Memory (MB): peak = 1522.652 ; gain = 240.348

Phase 10 Post Router Timing
INFO: [Route 35-57] Estimated Timing Summary | WNS=1.142  | TNS=0.000  | WHS=0.034  | THS=0.000  |

INFO: [Route 35-327] The final timing numbers are based on the router estimated timing analysis. For a complete and accurate timing signoff, please run report_timing_summary.
Phase 10 Post Router Timing | Checksum: 139854b72

Time (s): cpu = 00:02:03 ; elapsed = 00:01:49 . Memory (MB): peak = 1522.652 ; gain = 240.348
INFO: [Route 35-16] Router Completed Successfully

Time (s): cpu = 00:02:03 ; elapsed = 00:01:49 . Memory (MB): peak = 1522.652 ; gain = 240.348

Routing Is Done.
INFO: [Common 17-83] Releasing license: Implementation
67 Infos, 0 Warnings, 0 Critical Warnings and 0 Errors encountered.
route_design completed successfully
route_design: Time (s): cpu = 00:02:06 ; elapsed = 00:01:51 . Memory (MB): peak = 1522.652 ; gain = 240.348
Writing placer database...
Writing XDEF routing.
Writing XDEF routing logical nets.
Writing XDEF routing special nets.
Write XDEF Complete: Time (s): cpu = 00:00:02 ; elapsed = 00:00:00.870 . Memory (MB): peak = 1522.652 ; gain = 0.000
INFO: [Common 17-1381] The checkpoint 'C:/Users/89529/Desktop/vivado201704/Risc5CPU.runs/impl_1/PipelineCPUTest_routed.dcp' has been generated.
INFO: [runtcl-4] Executing : report_drc -file PipelineCPUTest_drc_routed.rpt -pb PipelineCPUTest_drc_routed.pb -rpx PipelineCPUTest_drc_routed.rpx
Command: report_drc -file PipelineCPUTest_drc_routed.rpt -pb PipelineCPUTest_drc_routed.pb -rpx PipelineCPUTest_drc_routed.rpx
INFO: [IP_Flow 19-1839] IP Catalog is up to date.
INFO: [DRC 23-27] Running DRC with 2 threads
INFO: [Coretcl 2-168] The results of DRC are in file C:/Users/89529/Desktop/vivado201704/Risc5CPU.runs/impl_1/PipelineCPUTest_drc_routed.rpt.
report_drc completed successfully
INFO: [runtcl-4] Executing : report_methodology -file PipelineCPUTest_methodology_drc_routed.rpt -pb PipelineCPUTest_methodology_drc_routed.pb -rpx PipelineCPUTest_methodology_drc_routed.rpx
Command: report_methodology -file PipelineCPUTest_methodology_drc_routed.rpt -pb PipelineCPUTest_methodology_drc_routed.pb -rpx PipelineCPUTest_methodology_drc_routed.rpx
INFO: [Timing 38-35] Done setting XDC timing constraints.
INFO: [Timing 38-35] Done setting XDC timing constraints.
INFO: [DRC 23-133] Running Methodology with 2 threads
INFO: [Coretcl 2-1520] The results of Report Methodology are in file C:/Users/89529/Desktop/vivado201704/Risc5CPU.runs/impl_1/PipelineCPUTest_methodology_drc_routed.rpt.
report_methodology completed successfully
INFO: [runtcl-4] Executing : report_power -file PipelineCPUTest_power_routed.rpt -pb PipelineCPUTest_power_summary_routed.pb -rpx PipelineCPUTest_power_routed.rpx
Command: report_power -file PipelineCPUTest_power_routed.rpt -pb PipelineCPUTest_power_summary_routed.pb -rpx PipelineCPUTest_power_routed.rpx
INFO: [Timing 38-35] Done setting XDC timing constraints.
Running Vector-less Activity Propagation...

Finished Running Vector-less Activity Propagation
79 Infos, 0 Warnings, 0 Critical Warnings and 0 Errors encountered.
report_power completed successfully
report_power: Time (s): cpu = 00:00:09 ; elapsed = 00:00:06 . Memory (MB): peak = 1529.703 ; gain = 7.051
INFO: [runtcl-4] Executing : report_route_status -file PipelineCPUTest_route_status.rpt -pb PipelineCPUTest_route_status.pb
INFO: [runtcl-4] Executing : report_timing_summary -max_paths 10 -file PipelineCPUTest_timing_summary_routed.rpt -rpx PipelineCPUTest_timing_summary_routed.rpx -warn_on_violation 
INFO: [Timing 38-91] UpdateTimingParams: Speed grade: -1, Delay Type: min_max.
INFO: [Timing 38-191] Multithreading enabled for timing update using a maximum of 2 CPUs
INFO: [runtcl-4] Executing : report_incremental_reuse -file PipelineCPUTest_incremental_reuse_routed.rpt
INFO: [Vivado_Tcl 4-545] No incremental reuse to report, no incremental placement and routing data was found.
INFO: [runtcl-4] Executing : report_clock_utilization -file PipelineCPUTest_clock_utilization_routed.rpt
report_clock_utilization: Time (s): cpu = 00:00:07 ; elapsed = 00:00:07 . Memory (MB): peak = 1529.703 ; gain = 0.000
INFO: [Common 17-206] Exiting Vivado at Thu Dec 10 13:47:17 2020...
